 Tue, 01 Feb 2022 16:17:49  INFO basepage.py input_text [ line:83 ]  在登录页面_输入用户名往元素 ('xpath', '//*[@id="username"]') 输入文本值:auto
 Tue, 01 Feb 2022 16:17:49  INFO basepage.py wait_ele_visible [ line:30 ] 登录页面_输入用户名等待('xpath', '//*[@id="username"]')元素可见
 Tue, 01 Feb 2022 16:17:49  ERROR basepage.py save_page_shot [ line:142 ] 网页截屏失败！
Traceback (most recent call last):
  File "E:\tmp\PO_Test\Common\basepage.py", line 33, in wait_ele_visible
    WebDriverWait(self.driver, timeout, poll_frequency=poll_fre).until(EC.visibility_of_element_located(loc))
  File "D:\python3.6\lib\site-packages\selenium\webdriver\support\wait.py", line 71, in until
    value = method(self._driver)
  File "D:\python3.6\lib\site-packages\selenium\webdriver\support\expected_conditions.py", line 128, in __call__
    return _element_if_visible(_find_element(driver, self.locator))
  File "D:\python3.6\lib\site-packages\selenium\webdriver\support\expected_conditions.py", line 411, in _find_element
    return driver.find_element(*by)
AttributeError: 'tuple' object has no attribute 'find_element'

During handling of the above exception, another exception occurred:

Traceback (most recent call last):
  File "E:\tmp\PO_Test\Common\basepage.py", line 139, in save_page_shot
    self.driver.save_screenshot(file_path)
AttributeError: 'tuple' object has no attribute 'save_screenshot'
